<?xml version="1.0" encoding="utf-8"?><testsuites name="pytest tests"><testsuite name="pytest" errors="3" failures="1" skipped="0" tests="34" time="43.419" timestamp="2026-06-27T13:03:40.547968+00:00" hostname="agent-env-a2183576-8ee4-425f-82e4-cf7bda150ad5"><testcase classname="backend.tests.test_phase_bcd.TestPhaseB_PatientsRBAC" name="test_doctor_sees_only_own_patients" time="1.154"><failure message="AssertionError: Hemanth must see his own assigned patient&#10;assert '5005f9d2-221b-4729-a917-c1da1483270e' in set()">backend/tests/test_phase_bcd.py:115: in test_doctor_sees_only_own_patients
    assert seed_data["hemanth_pid"] in ids, "Hemanth must see his own assigned patient"
E   AssertionError: Hemanth must see his own assigned patient
E   assert '5005f9d2-221b-4729-a917-c1da1483270e' in set()</failure></testcase><testcase classname="backend.tests.test_phase_bcd.TestPhaseB_PatientsRBAC" name="test_owner_doctor_sees_all" time="0.362" /><testcase classname="backend.tests.test_phase_bcd.TestPhaseB_PatientsRBAC" name="test_admin_sees_all" time="0.046" /><testcase classname="backend.tests.test_phase_bcd.TestPhaseB_PatientsRBAC" name="test_reception_sees_all" time="0.046" /><testcase classname="backend.tests.test_phase_bcd.TestPhaseB_PatientsRBAC" name="test_pharmacy_forbidden" time="0.404" /><testcase classname="backend.tests.test_phase_bcd.TestPhaseB_PatientsRBAC" name="test_pro_forbidden" time="0.412" /><testcase classname="backend.tests.test_phase_bcd.TestPhaseC_FinancialSearch" name="test_pro_can_search" time="0.047" /><testcase classname="backend.tests.test_phase_bcd.TestPhaseC_FinancialSearch" name="test_q_too_short" time="0.041" /><testcase classname="backend.tests.test_phase_bcd.TestPhaseC_FinancialSearch" name="test_q_missing" time="0.040" /><testcase classname="backend.tests.test_phase_bcd.TestPhaseC_FinancialSearch" name="test_owner_doctor_allowed" time="0.043" /><testcase classname="backend.tests.test_phase_bcd.TestPhaseC_FinancialSearch" name="test_admin_allowed" time="0.046" /><testcase classname="backend.tests.test_phase_bcd.TestPhaseC_FinancialSearch" name="test_doctor_forbidden" time="0.042" /><testcase classname="backend.tests.test_phase_bcd.TestPhaseC_FinancialSearch" name="test_reception_forbidden" time="0.043" /><testcase classname="backend.tests.test_phase_bcd.TestPhaseC_FinancialSearch" name="test_pharmacy_forbidden" time="0.045" /><testcase classname="backend.tests.test_phase_bcd.TestPhaseC_PaymentProof" name="test_pro_uploads_payment_proof" time="0.362" /><testcase classname="backend.tests.test_phase_bcd.TestPhaseC_PaymentProof" name="test_pro_cannot_upload_general" time="0.041" /><testcase classname="backend.tests.test_phase_bcd.TestPhaseC_PaymentProof" name="test_reception_general_default" time="0.330" /><testcase classname="backend.tests.test_phase_bcd.TestPhaseC_PaymentProof" name="test_filter_by_kind" time="0.043" /><testcase classname="backend.tests.test_phase_bcd.TestPhaseC_PaymentProof" name="test_invalid_kind_filter" time="0.049" /><testcase classname="backend.tests.test_phase_bcd.TestPhaseC_PaymentProof" name="test_invalid_kind_upload" time="0.041" /><testcase classname="backend.tests.test_phase_bcd.TestPhaseC_Analytics" name="test_pro_allowed" time="0.051" /><testcase classname="backend.tests.test_phase_bcd.TestPhaseC_Analytics" name="test_owner_doctor_allowed" time="0.055" /><testcase classname="backend.tests.test_phase_bcd.TestPhaseC_Analytics" name="test_admin_allowed" time="0.055" /><testcase classname="backend.tests.test_phase_bcd.TestPhaseC_Analytics" name="test_doctor_forbidden" time="0.043" /><testcase classname="backend.tests.test_phase_bcd.TestPhaseC_Analytics" name="test_reception_forbidden" time="0.044" /><testcase classname="backend.tests.test_phase_bcd.TestPhaseC_Analytics" name="test_pharmacy_forbidden" time="0.046" /><testcase classname="backend.tests.test_phase_bcd.TestPhaseD_AIRecap" name="test_brief_mode_default" time="8.368" /><testcase classname="backend.tests.test_phase_bcd.TestPhaseD_AIRecap" name="test_brief_mode_explicit" time="9.415" /><testcase classname="backend.tests.test_phase_bcd.TestPhaseD_AIRecap" name="test_detailed_mode_owner" time="21.348" /><testcase classname="backend.tests.test_phase_bcd.TestPhaseD_AIRecap" name="test_detailed_mode_doctor_forbidden" time="0.117" /><testcase classname="backend.tests.test_phase_bcd.TestPhaseD_AIRecap" name="test_invalid_mode" time="0.045" /><testcase classname="backend.tests.test_phase_bcd.TestPhaseD_PasswordReset" name="test_reset_password_and_login" time="0.045"><error message="failed on setup with &quot;AssertionError: {&quot;detail&quot;:&quot;Username already exists&quot;}&#10;assert 400 == 200&#10; +  where 400 = &lt;Response [400]&gt;.status_code&quot;">backend/tests/test_phase_bcd.py:335: in temp_user
    assert r.status_code == 200, r.text
E   AssertionError: {"detail":"Username already exists"}
E   assert 400 == 200
E    +  where 400 = &lt;Response [400]&gt;.status_code</error></testcase><testcase classname="backend.tests.test_phase_bcd.TestPhaseD_PasswordReset" name="test_non_admin_forbidden" time="0.000"><error message="failed on setup with &quot;AssertionError: {&quot;detail&quot;:&quot;Username already exists&quot;}&#10;assert 400 == 200&#10; +  where 400 = &lt;Response [400]&gt;.status_code&quot;">backend/tests/test_phase_bcd.py:335: in temp_user
    assert r.status_code == 200, r.text
E   AssertionError: {"detail":"Username already exists"}
E   assert 400 == 200
E    +  where 400 = &lt;Response [400]&gt;.status_code</error></testcase><testcase classname="backend.tests.test_phase_bcd.TestPhaseD_PasswordReset" name="test_short_password_rejected" time="0.002"><error message="failed on setup with &quot;AssertionError: {&quot;detail&quot;:&quot;Username already exists&quot;}&#10;assert 400 == 200&#10; +  where 400 = &lt;Response [400]&gt;.status_code&quot;">backend/tests/test_phase_bcd.py:335: in temp_user
    assert r.status_code == 200, r.text
E   AssertionError: {"detail":"Username already exists"}
E   assert 400 == 200
E    +  where 400 = &lt;Response [400]&gt;.status_code</error></testcase></testsuite></testsuites>