<?xml version="1.0" encoding="utf-8"?><testsuites name="pytest tests"><testsuite name="pytest" errors="0" failures="1" skipped="0" tests="27" time="3.333" timestamp="2026-06-20T13:38:46.945545+00:00" hostname="agent-env-a2183576-8ee4-425f-82e4-cf7bda150ad5"><testcase classname="backend.tests.test_sparsa_round4.TestAdminUserDelete" name="test_delete_freshly_created_user" time="1.626" /><testcase classname="backend.tests.test_sparsa_round4.TestAdminUserDelete" name="test_cannot_delete_self" time="0.043" /><testcase classname="backend.tests.test_sparsa_round4.TestAdminUserDelete" name="test_owner_doctor_soft_delete" time="0.088" /><testcase classname="backend.tests.test_sparsa_round4.TestPatientPatchDelete" name="test_patch_patient" time="0.090" /><testcase classname="backend.tests.test_sparsa_round4.TestPatientPatchDelete" name="test_delete_patient_no_cases" time="0.134" /><testcase classname="backend.tests.test_sparsa_round4.TestPatientPatchDelete" name="test_reception_cannot_delete_patient_with_cases" time="0.137" /><testcase classname="backend.tests.test_sparsa_round4.TestPatientPatchDelete" name="test_admin_can_delete_with_cascade" time="0.281" /><testcase classname="backend.tests.test_sparsa_round4.TestReminders" name="test_create_reminder_with_audience" time="0.055" /><testcase classname="backend.tests.test_sparsa_round4.TestReminders" name="test_pharmacy_doesnt_see_doctor_only_reminder" time="0.047" /><testcase classname="backend.tests.test_sparsa_round4.TestReminders" name="test_pharmacy_can_complete_pharmacy_reminder" time="0.044" /><testcase classname="backend.tests.test_sparsa_round4.TestReminders" name="test_reception_cannot_patch_reminder" time="0.002" /><testcase classname="backend.tests.test_sparsa_round4.TestReminders" name="test_pro_cannot_patch_reminder" time="0.002" /><testcase classname="backend.tests.test_sparsa_round4.TestReminders" name="test_pharmacy_can_still_patch_pharmacy_reminder" time="0.047" /><testcase classname="backend.tests.test_sparsa_round4.TestReminders" name="test_snooze_resets_status_pending" time="0.095" /><testcase classname="backend.tests.test_sparsa_round4.TestReminders" name="test_hemanth_cannot_delete_jyothi_reminder" time="0.003" /><testcase classname="backend.tests.test_sparsa_round4.TestReminders" name="test_jyothi_can_delete_her_reminder" time="0.044" /><testcase classname="backend.tests.test_sparsa_round4.TestReminders" name="test_status_query_filter" time="0.044" /><testcase classname="backend.tests.test_sparsa_round4.TestFollowupNotifyPharmacy" name="test_followup_with_notify_pharmacy" time="0.056" /><testcase classname="backend.tests.test_sparsa_round4.TestDashboards" name="test_pharmacy_dashboard" time="0.045" /><testcase classname="backend.tests.test_sparsa_round4.TestDashboards" name="test_pharmacy_dashboard_forbidden_for_reception" time="0.003" /><testcase classname="backend.tests.test_sparsa_round4.TestDashboards" name="test_pro_dashboard" time="0.008" /><testcase classname="backend.tests.test_sparsa_round4.TestDashboards" name="test_pro_dashboard_forbidden_pharmacy" time="0.042" /><testcase classname="backend.tests.test_sparsa_round4.TestDashboards" name="test_admin_analytics_as_admin" time="0.032" /><testcase classname="backend.tests.test_sparsa_round4.TestDashboards" name="test_admin_analytics_owner_doctor_allowed" time="0.028" /><testcase classname="backend.tests.test_sparsa_round4.TestDashboards" name="test_admin_analytics_reception_forbidden" time="0.002" /><testcase classname="backend.tests.test_sparsa_round4.TestDashboards" name="test_pro_dashboard_trend_last_is_today_ist" time="0.007" /><testcase classname="backend.tests.test_sparsa_round4.TestPatientDeleteOrphanCheck" name="test_cascade_purges_collaterals_and_soft_deletes_attachments" time="0.183"><failure message="AssertionError: {&quot;detail&quot;:&quot;Insufficient permissions&quot;}&#10;assert 403 == 200&#10; +  where 403 = &lt;Response [403]&gt;.status_code">backend/tests/test_sparsa_round4.py:441: in test_cascade_purges_collaterals_and_soft_deletes_attachments
    assert pay.status_code == 200, pay.text
E   AssertionError: {"detail":"Insufficient permissions"}
E   assert 403 == 200
E    +  where 403 = &lt;Response [403]&gt;.status_code</failure></testcase></testsuite></testsuites>