<?xml version="1.0" encoding="utf-8"?><testsuites name="pytest tests"><testsuite name="pytest" errors="0" failures="0" skipped="0" tests="18" time="37.219" timestamp="2026-05-21T14:22:32.174799+00:00" hostname="agent-env-a2183576-8ee4-425f-82e4-cf7bda150ad5"><testcase classname="backend.tests.test_sparsa_recap.TestAIRecap" name="test_recap_jyothi_full_visits" time="9.752" /><testcase classname="backend.tests.test_sparsa_recap.TestAIRecap" name="test_recap_admin_can_access" time="5.086" /><testcase classname="backend.tests.test_sparsa_recap.TestAIRecap" name="test_recap_hemanth_no_accessible_visits" time="0.340" /><testcase classname="backend.tests.test_sparsa_recap.TestAIRecap" name="test_recap_hemanth_only_sees_his_cases" time="7.181" /><testcase classname="backend.tests.test_sparsa_recap.TestAIRecap" name="test_recap_jyothi_sees_all_for_mixed" time="7.073" /><testcase classname="backend.tests.test_sparsa_recap.TestAIRecap" name="test_recap_nonexistent_patient" time="0.057" /><testcase classname="backend.tests.test_sparsa_recap.TestAIRecap" name="test_recap_reception_forbidden" time="0.078" /><testcase classname="backend.tests.test_sparsa_recap.TestAIRecap" name="test_recap_pharmacy_forbidden" time="0.071" /><testcase classname="backend.tests.test_sparsa_recap.TestAIRecap" name="test_recap_pro_forbidden" time="0.091" /><testcase classname="backend.tests.test_sparsa_recap.TestAIRecap" name="test_recap_audit_log_entry" time="6.483" /><testcase classname="backend.tests.test_sparsa_recap.TestRefactorSanity" name="test_health_with_providers" time="0.167" /><testcase classname="backend.tests.test_sparsa_recap.TestRefactorSanity" name="test_login_endpoint" time="0.332" /><testcase classname="backend.tests.test_sparsa_recap.TestRefactorSanity" name="test_cases_list" time="0.069" /><testcase classname="backend.tests.test_sparsa_recap.TestRefactorSanity" name="test_patient_timeline" time="0.056" /><testcase classname="backend.tests.test_sparsa_recap.TestRefactorSanity" name="test_case_attachments_list" time="0.076" /><testcase classname="backend.tests.test_sparsa_recap.TestRefactorSanity" name="test_reminders_list" time="0.055" /><testcase classname="backend.tests.test_sparsa_recap.TestRefactorSanity" name="test_admin_csv_export_patients" time="0.073" /><testcase classname="backend.tests.test_sparsa_recap.TestRefactorSanity" name="test_admin_csv_export_cases" time="0.081" /></testsuite></testsuites>