<?xml version="1.0" encoding="utf-8"?><testsuites name="pytest tests"><testsuite name="pytest" errors="0" failures="0" skipped="0" tests="53" time="36.054" timestamp="2026-05-21T14:20:04.087409+00:00" hostname="agent-env-a2183576-8ee4-425f-82e4-cf7bda150ad5"><testcase classname="backend.tests.test_sparsa_backend.TestAuth" name="test_health" time="0.318" /><testcase classname="backend.tests.test_sparsa_backend.TestAuth" name="test_login_all_seeded[admin1]" time="0.372" /><testcase classname="backend.tests.test_sparsa_backend.TestAuth" name="test_login_all_seeded[jyothi]" time="0.361" /><testcase classname="backend.tests.test_sparsa_backend.TestAuth" name="test_login_all_seeded[hemanth]" time="0.345" /><testcase classname="backend.tests.test_sparsa_backend.TestAuth" name="test_login_all_seeded[reception1]" time="0.420" /><testcase classname="backend.tests.test_sparsa_backend.TestAuth" name="test_login_all_seeded[pharmacy1]" time="0.346" /><testcase classname="backend.tests.test_sparsa_backend.TestAuth" name="test_login_all_seeded[pro1]" time="0.874" /><testcase classname="backend.tests.test_sparsa_backend.TestAuth" name="test_login_invalid" time="0.456" /><testcase classname="backend.tests.test_sparsa_backend.TestAuth" name="test_me_with_cookie" time="0.396" /><testcase classname="backend.tests.test_sparsa_backend.TestAuth" name="test_me_no_auth" time="0.116" /><testcase classname="backend.tests.test_sparsa_backend.TestAuth" name="test_logout_clears_cookie" time="0.495" /><testcase classname="backend.tests.test_sparsa_backend.TestDoctors" name="test_list_doctors" time="2.331" /><testcase classname="backend.tests.test_sparsa_backend.TestPatientsCases" name="test_patient_uid_format" time="0.146" /><testcase classname="backend.tests.test_sparsa_backend.TestPatientsCases" name="test_get_patient" time="0.071" /><testcase classname="backend.tests.test_sparsa_backend.TestPatientsCases" name="test_reception_cant_access_admin" time="0.071" /><testcase classname="backend.tests.test_sparsa_backend.TestPatientsCases" name="test_pharmacy_cant_create_patient" time="0.077" /><testcase classname="backend.tests.test_sparsa_backend.TestCasesRBAC" name="test_hemanth_sees_only_own" time="0.199" /><testcase classname="backend.tests.test_sparsa_backend.TestCasesRBAC" name="test_jyothi_sees_all" time="0.054" /><testcase classname="backend.tests.test_sparsa_backend.TestCasesRBAC" name="test_admin_sees_all" time="0.065" /><testcase classname="backend.tests.test_sparsa_backend.TestCasesRBAC" name="test_hemanth_cannot_open_jyothis_case" time="0.058" /><testcase classname="backend.tests.test_sparsa_backend.TestWorkflow" name="test_full_flow" time="0.611" /><testcase classname="backend.tests.test_sparsa_backend.TestReminders" name="test_hemanth_reminders_filtered" time="0.056" /><testcase classname="backend.tests.test_sparsa_backend.TestReminders" name="test_jyothi_reminders_unfiltered" time="0.050" /><testcase classname="backend.tests.test_sparsa_backend.TestAI" name="test_ai_summarize" time="11.614" /><testcase classname="backend.tests.test_sparsa_backend.TestAI" name="test_ai_advice" time="7.024" /><testcase classname="backend.tests.test_sparsa_backend.TestAI" name="test_ai_instructions" time="2.822" /><testcase classname="backend.tests.test_sparsa_backend.TestAI" name="test_ai_forbidden_for_non_doctor" time="0.085" /><testcase classname="backend.tests.test_sparsa_backend.TestAdmin" name="test_admin_list_users" time="0.170" /><testcase classname="backend.tests.test_sparsa_backend.TestAdmin" name="test_non_admin_blocked_audit" time="0.051" /><testcase classname="backend.tests.test_sparsa_backend.TestAdmin" name="test_admin_audit_logs" time="0.061" /><testcase classname="backend.tests.test_sparsa_backend.TestAdmin" name="test_admin_stats" time="0.060" /><testcase classname="backend.tests.test_sparsa_backend.TestAdmin" name="test_admin_create_user" time="0.657" /><testcase classname="backend.tests.test_sparsa_backend.TestAdmin" name="test_admin_create_duplicate" time="0.064" /><testcase classname="backend.tests.test_sparsa_round2.TestHealthProviders" name="test_health_returns_providers" time="0.113" /><testcase classname="backend.tests.test_sparsa_round2.TestAttachments" name="test_upload_png" time="2.398" /><testcase classname="backend.tests.test_sparsa_round2.TestAttachments" name="test_upload_jpg" time="0.195" /><testcase classname="backend.tests.test_sparsa_round2.TestAttachments" name="test_upload_pdf" time="0.178" /><testcase classname="backend.tests.test_sparsa_round2.TestAttachments" name="test_reject_exe" time="0.064" /><testcase classname="backend.tests.test_sparsa_round2.TestAttachments" name="test_reject_oversize" time="0.702" /><testcase classname="backend.tests.test_sparsa_round2.TestAttachments" name="test_list_attachments" time="0.063" /><testcase classname="backend.tests.test_sparsa_round2.TestAttachments" name="test_download_png" time="0.169" /><testcase classname="backend.tests.test_sparsa_round2.TestAttachments" name="test_rbac_hemanth_blocked_on_jyothi_case_attachments" time="0.246" /><testcase classname="backend.tests.test_sparsa_round2.TestAttachments" name="test_soft_delete" time="0.207" /><testcase classname="backend.tests.test_sparsa_round2.TestTimeline" name="test_timeline_basic" time="0.075" /><testcase classname="backend.tests.test_sparsa_round2.TestTimeline" name="test_timeline_doctor_scope" time="0.068" /><testcase classname="backend.tests.test_sparsa_round2.TestCSVExports" name="test_export_patients" time="0.052" /><testcase classname="backend.tests.test_sparsa_round2.TestCSVExports" name="test_export_cases" time="0.054" /><testcase classname="backend.tests.test_sparsa_round2.TestCSVExports" name="test_export_payments" time="0.054" /><testcase classname="backend.tests.test_sparsa_round2.TestCSVExports" name="test_export_prescriptions" time="0.056" /><testcase classname="backend.tests.test_sparsa_round2.TestCSVExports" name="test_export_audit_admin" time="0.054" /><testcase classname="backend.tests.test_sparsa_round2.TestCSVExports" name="test_export_audit_rbac_reception" time="0.054" /><testcase classname="backend.tests.test_sparsa_round2.TestReminderSendNow" name="test_send_now_provider_not_configured" time="0.191" /><testcase classname="backend.tests.test_sparsa_round2.TestAuditNewActions" name="test_audit_contains_new_actions" time="0.067" /></testsuite></testsuites>