<?xml version="1.0" encoding="utf-8"?><testsuites name="pytest tests"><testsuite name="pytest" errors="0" failures="0" skipped="0" tests="23" time="4.160" timestamp="2026-06-20T13:55:45.261983+00:00" hostname="agent-env-a2183576-8ee4-425f-82e4-cf7bda150ad5"><testcase classname="backend.tests.test_iteration6.TestMessagingSettingsRBAC" name="test_admin_can_get" time="0.567" /><testcase classname="backend.tests.test_iteration6.TestMessagingSettingsRBAC" name="test_non_admin_forbidden_get[s_owner]" time="0.420" /><testcase classname="backend.tests.test_iteration6.TestMessagingSettingsRBAC" name="test_non_admin_forbidden_get[s_doctor]" time="0.397" /><testcase classname="backend.tests.test_iteration6.TestMessagingSettingsRBAC" name="test_non_admin_forbidden_get[s_reception]" time="0.375" /><testcase classname="backend.tests.test_iteration6.TestMessagingSettingsRBAC" name="test_non_admin_forbidden_get[s_pharmacy]" time="0.363" /><testcase classname="backend.tests.test_iteration6.TestMessagingSettingsRBAC" name="test_non_admin_forbidden_get[s_pro]" time="0.363" /><testcase classname="backend.tests.test_iteration6.TestMessagingSettingsRBAC" name="test_non_admin_forbidden_post[s_owner]" time="0.049" /><testcase classname="backend.tests.test_iteration6.TestMessagingSettingsRBAC" name="test_non_admin_forbidden_post[s_doctor]" time="0.044" /><testcase classname="backend.tests.test_iteration6.TestMessagingSettingsRBAC" name="test_non_admin_forbidden_post[s_reception]" time="0.046" /><testcase classname="backend.tests.test_iteration6.TestMessagingSettingsRBAC" name="test_non_admin_forbidden_post[s_pharmacy]" time="0.043" /><testcase classname="backend.tests.test_iteration6.TestMessagingSettingsRBAC" name="test_non_admin_forbidden_post[s_pro]" time="0.046" /><testcase classname="backend.tests.test_iteration6.TestMessagingSettingsLifecycle" name="test_empty_post_400" time="0.044" /><testcase classname="backend.tests.test_iteration6.TestMessagingSettingsLifecycle" name="test_post_twilio_then_get_masked" time="0.091" /><testcase classname="backend.tests.test_iteration6.TestMessagingSettingsLifecycle" name="test_clear_sentinel_removes_field" time="0.089" /><testcase classname="backend.tests.test_iteration6.TestAdminAnalytics" name="test_admin_analytics_shape_and_perf" time="0.050" /><testcase classname="backend.tests.test_iteration6.TestAdminAnalytics" name="test_owner_doctor_can_access" time="0.054" /><testcase classname="backend.tests.test_iteration6.TestAdminAnalytics" name="test_others_forbidden[s_doctor]" time="0.047" /><testcase classname="backend.tests.test_iteration6.TestAdminAnalytics" name="test_others_forbidden[s_reception]" time="0.043" /><testcase classname="backend.tests.test_iteration6.TestAdminAnalytics" name="test_others_forbidden[s_pharmacy]" time="0.042" /><testcase classname="backend.tests.test_iteration6.TestAdminAnalytics" name="test_others_forbidden[s_pro]" time="0.043" /><testcase classname="backend.tests.test_iteration6.TestAttachmentSizeCap" name="test_reject_oversize" time="0.513" /><testcase classname="backend.tests.test_iteration6.TestAttachmentSizeCap" name="test_reject_bad_extension" time="0.045" /><testcase classname="backend.tests.test_iteration6.TestAttachmentSizeCap" name="test_accept_small_pdf" time="0.288" /></testsuite></testsuites>