<?xml version="1.0" encoding="utf-8"?><testsuites name="pytest tests"><testsuite name="pytest" errors="0" failures="1" skipped="0" tests="95" time="68.822" timestamp="2026-06-20T13:34:15.993581+00:00" hostname="agent-env-a2183576-8ee4-425f-82e4-cf7bda150ad5"><testcase classname="backend.tests.test_sparsa_backend.TestAuth" name="test_health" time="0.327" /><testcase classname="backend.tests.test_sparsa_backend.TestAuth" name="test_login_all_seeded[admin1]" time="0.404" /><testcase classname="backend.tests.test_sparsa_backend.TestAuth" name="test_login_all_seeded[jyothi]" time="0.391" /><testcase classname="backend.tests.test_sparsa_backend.TestAuth" name="test_login_all_seeded[hemanth]" time="0.349" /><testcase classname="backend.tests.test_sparsa_backend.TestAuth" name="test_login_all_seeded[reception1]" time="0.374" /><testcase classname="backend.tests.test_sparsa_backend.TestAuth" name="test_login_all_seeded[pharmacy1]" time="0.386" /><testcase classname="backend.tests.test_sparsa_backend.TestAuth" name="test_login_all_seeded[pro1]" time="0.334" /><testcase classname="backend.tests.test_sparsa_backend.TestAuth" name="test_login_invalid" time="0.374" /><testcase classname="backend.tests.test_sparsa_backend.TestAuth" name="test_me_with_cookie" time="0.433" /><testcase classname="backend.tests.test_sparsa_backend.TestAuth" name="test_me_no_auth" time="0.107" /><testcase classname="backend.tests.test_sparsa_backend.TestAuth" name="test_logout_clears_cookie" time="0.422" /><testcase classname="backend.tests.test_sparsa_backend.TestDoctors" name="test_list_doctors" time="2.158" /><testcase classname="backend.tests.test_sparsa_backend.TestPatientsCases" name="test_patient_uid_format" time="0.104" /><testcase classname="backend.tests.test_sparsa_backend.TestPatientsCases" name="test_get_patient" time="0.050" /><testcase classname="backend.tests.test_sparsa_backend.TestPatientsCases" name="test_reception_cant_access_admin" time="0.047" /><testcase classname="backend.tests.test_sparsa_backend.TestPatientsCases" name="test_pharmacy_cant_create_patient" time="0.048" /><testcase classname="backend.tests.test_sparsa_backend.TestCasesRBAC" name="test_hemanth_sees_only_own" time="0.171" /><testcase classname="backend.tests.test_sparsa_backend.TestCasesRBAC" name="test_jyothi_sees_all" time="0.090" /><testcase classname="backend.tests.test_sparsa_backend.TestCasesRBAC" name="test_admin_sees_all" time="0.089" /><testcase classname="backend.tests.test_sparsa_backend.TestCasesRBAC" name="test_hemanth_cannot_open_jyothis_case" time="0.047" /><testcase classname="backend.tests.test_sparsa_backend.TestWorkflow" name="test_full_flow" time="0.514" /><testcase classname="backend.tests.test_sparsa_backend.TestReminders" name="test_hemanth_reminders_filtered" time="0.078" /><testcase classname="backend.tests.test_sparsa_backend.TestReminders" name="test_jyothi_reminders_unfiltered" time="0.048" /><testcase classname="backend.tests.test_sparsa_backend.TestAI" name="test_ai_summarize" time="12.929" /><testcase classname="backend.tests.test_sparsa_backend.TestAI" name="test_ai_advice" time="6.113" /><testcase classname="backend.tests.test_sparsa_backend.TestAI" name="test_ai_instructions" time="2.601" /><testcase classname="backend.tests.test_sparsa_backend.TestAI" name="test_ai_forbidden_for_non_doctor" time="0.054" /><testcase classname="backend.tests.test_sparsa_backend.TestAdmin" name="test_admin_list_users" time="0.048" /><testcase classname="backend.tests.test_sparsa_backend.TestAdmin" name="test_non_admin_blocked_audit" time="0.048" /><testcase classname="backend.tests.test_sparsa_backend.TestAdmin" name="test_admin_audit_logs" time="0.062" /><testcase classname="backend.tests.test_sparsa_backend.TestAdmin" name="test_admin_stats" time="0.059" /><testcase classname="backend.tests.test_sparsa_backend.TestAdmin" name="test_admin_create_user" time="0.659" /><testcase classname="backend.tests.test_sparsa_backend.TestAdmin" name="test_admin_create_duplicate" time="0.047" /><testcase classname="backend.tests.test_sparsa_recap.TestAIRecap" name="test_recap_jyothi_full_visits" time="9.368" /><testcase classname="backend.tests.test_sparsa_recap.TestAIRecap" name="test_recap_admin_can_access" time="4.868" /><testcase classname="backend.tests.test_sparsa_recap.TestAIRecap" name="test_recap_hemanth_no_accessible_visits" time="0.251" /><testcase classname="backend.tests.test_sparsa_recap.TestAIRecap" name="test_recap_hemanth_only_sees_his_cases" time="5.660" /><testcase classname="backend.tests.test_sparsa_recap.TestAIRecap" name="test_recap_jyothi_sees_all_for_mixed" time="4.685" /><testcase classname="backend.tests.test_sparsa_recap.TestAIRecap" name="test_recap_nonexistent_patient" time="0.054" /><testcase classname="backend.tests.test_sparsa_recap.TestAIRecap" name="test_recap_reception_forbidden" time="0.048" /><testcase classname="backend.tests.test_sparsa_recap.TestAIRecap" name="test_recap_pharmacy_forbidden" time="0.048" /><testcase classname="backend.tests.test_sparsa_recap.TestAIRecap" name="test_recap_pro_forbidden" time="0.057" /><testcase classname="backend.tests.test_sparsa_recap.TestAIRecap" name="test_recap_audit_log_entry" time="5.023" /><testcase classname="backend.tests.test_sparsa_recap.TestRefactorSanity" name="test_health_with_providers" time="0.148" /><testcase classname="backend.tests.test_sparsa_recap.TestRefactorSanity" name="test_login_endpoint" time="0.348" /><testcase classname="backend.tests.test_sparsa_recap.TestRefactorSanity" name="test_cases_list" time="0.110" /><testcase classname="backend.tests.test_sparsa_recap.TestRefactorSanity" name="test_patient_timeline" time="0.055" /><testcase classname="backend.tests.test_sparsa_recap.TestRefactorSanity" name="test_case_attachments_list" time="0.049" /><testcase classname="backend.tests.test_sparsa_recap.TestRefactorSanity" name="test_reminders_list" time="0.048" /><testcase classname="backend.tests.test_sparsa_recap.TestRefactorSanity" name="test_admin_csv_export_patients" time="0.052" /><testcase classname="backend.tests.test_sparsa_recap.TestRefactorSanity" name="test_admin_csv_export_cases" time="0.089" /><testcase classname="backend.tests.test_sparsa_round2.TestHealthProviders" name="test_health_returns_providers" time="0.152" /><testcase classname="backend.tests.test_sparsa_round2.TestAttachments" name="test_upload_png" time="2.406" /><testcase classname="backend.tests.test_sparsa_round2.TestAttachments" name="test_upload_jpg" time="0.231" /><testcase classname="backend.tests.test_sparsa_round2.TestAttachments" name="test_upload_pdf" time="0.203" /><testcase classname="backend.tests.test_sparsa_round2.TestAttachments" name="test_reject_exe" time="0.050" /><testcase classname="backend.tests.test_sparsa_round2.TestAttachments" name="test_reject_oversize" time="0.375" /><testcase classname="backend.tests.test_sparsa_round2.TestAttachments" name="test_list_attachments" time="0.048" /><testcase classname="backend.tests.test_sparsa_round2.TestAttachments" name="test_download_png" time="0.154" /><testcase classname="backend.tests.test_sparsa_round2.TestAttachments" name="test_rbac_hemanth_blocked_on_jyothi_case_attachments" time="0.189" /><testcase classname="backend.tests.test_sparsa_round2.TestAttachments" name="test_soft_delete" time="0.143" /><testcase classname="backend.tests.test_sparsa_round2.TestTimeline" name="test_timeline_basic" time="0.109" /><testcase classname="backend.tests.test_sparsa_round2.TestTimeline" name="test_timeline_doctor_scope" time="0.047" /><testcase classname="backend.tests.test_sparsa_round2.TestCSVExports" name="test_export_patients" time="0.048" /><testcase classname="backend.tests.test_sparsa_round2.TestCSVExports" name="test_export_cases" time="0.088" /><testcase classname="backend.tests.test_sparsa_round2.TestCSVExports" name="test_export_payments" time="0.064" /><testcase classname="backend.tests.test_sparsa_round2.TestCSVExports" name="test_export_prescriptions" time="0.072" /><testcase classname="backend.tests.test_sparsa_round2.TestCSVExports" name="test_export_audit_admin" time="0.068" /><testcase classname="backend.tests.test_sparsa_round2.TestCSVExports" name="test_export_audit_rbac_reception" time="0.048" /><testcase classname="backend.tests.test_sparsa_round2.TestReminderSendNow" name="test_send_now_provider_not_configured" time="0.149" /><testcase classname="backend.tests.test_sparsa_round2.TestAuditNewActions" name="test_audit_contains_new_actions" time="0.056" /><testcase classname="backend.tests.test_sparsa_round4.TestAdminUserDelete" name="test_delete_freshly_created_user" time="1.653" /><testcase classname="backend.tests.test_sparsa_round4.TestAdminUserDelete" name="test_cannot_delete_self" time="0.043" /><testcase classname="backend.tests.test_sparsa_round4.TestAdminUserDelete" name="test_owner_doctor_soft_delete" time="0.089" /><testcase classname="backend.tests.test_sparsa_round4.TestPatientPatchDelete" name="test_patch_patient" time="0.092" /><testcase classname="backend.tests.test_sparsa_round4.TestPatientPatchDelete" name="test_delete_patient_no_cases" time="0.135" /><testcase classname="backend.tests.test_sparsa_round4.TestPatientPatchDelete" name="test_reception_cannot_delete_patient_with_cases" time="0.143" /><testcase classname="backend.tests.test_sparsa_round4.TestPatientPatchDelete" name="test_admin_can_delete_with_cascade" time="0.287" /><testcase classname="backend.tests.test_sparsa_round4.TestReminders" name="test_create_reminder_with_audience" time="0.057" /><testcase classname="backend.tests.test_sparsa_round4.TestReminders" name="test_pharmacy_doesnt_see_doctor_only_reminder" time="0.049" /><testcase classname="backend.tests.test_sparsa_round4.TestReminders" name="test_pharmacy_can_complete_pharmacy_reminder" time="0.045" /><testcase classname="backend.tests.test_sparsa_round4.TestReminders" name="test_reception_cannot_patch_reminder" time="0.005"><failure message="AssertionError: {&quot;reminder&quot;:{&quot;id&quot;:&quot;feffb16e-4472-4c8d-8979-5fe042449221&quot;,&quot;case_id&quot;:&quot;b42af72f-7d84-4bd5-96bf-52f6eeec2aae&quot;,&quot;patient_id&quot;:&quot;d352951a-e64d-423d-8e4f-c2e374fdedf9&quot;,&quot;patient_name&quot;:&quot;TEST_R4_REM X&quot;,&quot;patient_uid&quot;:&quot;SPARSA-000039&quot;,&quot;doctor_id&quot;:&quot;doctor-jyothi&quot;,&quot;scheduled_at&quot;:&quot;2026-06-20T15:35:24.260710+00:00&quot;,&quot;message&quot;:&quot;Pharmacy reminder TEST_R4&quot;,&quot;audience&quot;:[&quot;DOCTOR&quot;,&quot;PHARMACY&quot;],&quot;status&quot;:&quot;PENDING&quot;,&quot;created_by&quot;:&quot;d94824d1-872d-4799-986e-0a024b7baed3&quot;,&quot;created_at&quot;:&quot;2026-06-20T13:35:24.263366+00:00&quot;,&quot;completed_at&quot;:&quot;2026-06-20T13:35:24.319473+00:00&quot;,&quot;completed_by&quot;:&quot;c5c47163-3c60-4dcc-b9ed-d98c52f2451c&quot;,&quot;completed_by_name&quot;:&quot;Pharmacy Counter&quot;,&quot;updated_at&quot;:&quot;2026-06-20T13:35:24.365967+00:00&quot;}}&#10;assert 200 == 403&#10; +  where 200 = &lt;Response [200]&gt;.status_code">E   AssertionError: {"reminder":{"id":"feffb16e-4472-4c8d-8979-5fe042449221","case_id":"b42af72f-7d84-4bd5-96bf-52f6eeec2aae","patient_id":"d352951a-e64d-423d-8e4f-c2e374fdedf9","patient_name":"TEST_R4_REM X","patient_uid":"SPARSA-000039","doctor_id":"doctor-jyothi","scheduled_at":"2026-06-20T15:35:24.260710+00:00","message":"Pharmacy reminder TEST_R4","audience":["DOCTOR","PHARMACY"],"status":"PENDING","created_by":"d94824d1-872d-4799-986e-0a024b7baed3","created_at":"2026-06-20T13:35:24.263366+00:00","completed_at":"2026-06-20T13:35:24.319473+00:00","completed_by":"c5c47163-3c60-4dcc-b9ed-d98c52f2451c","completed_by_name":"Pharmacy Counter","updated_at":"2026-06-20T13:35:24.365967+00:00"}}
    assert 200 == 403
     +  where 200 = &lt;Response [200]&gt;.status_code</failure></testcase><testcase classname="backend.tests.test_sparsa_round4.TestReminders" name="test_snooze_resets_status_pending" time="0.093" /><testcase classname="backend.tests.test_sparsa_round4.TestReminders" name="test_hemanth_cannot_delete_jyothi_reminder" time="0.003" /><testcase classname="backend.tests.test_sparsa_round4.TestReminders" name="test_jyothi_can_delete_her_reminder" time="0.045" /><testcase classname="backend.tests.test_sparsa_round4.TestReminders" name="test_status_query_filter" time="0.044" /><testcase classname="backend.tests.test_sparsa_round4.TestFollowupNotifyPharmacy" name="test_followup_with_notify_pharmacy" time="0.060" /><testcase classname="backend.tests.test_sparsa_round4.TestDashboards" name="test_pharmacy_dashboard" time="0.046" /><testcase classname="backend.tests.test_sparsa_round4.TestDashboards" name="test_pharmacy_dashboard_forbidden_for_reception" time="0.003" /><testcase classname="backend.tests.test_sparsa_round4.TestDashboards" name="test_pro_dashboard" time="0.012" /><testcase classname="backend.tests.test_sparsa_round4.TestDashboards" name="test_pro_dashboard_forbidden_pharmacy" time="0.043" /><testcase classname="backend.tests.test_sparsa_round4.TestDashboards" name="test_admin_analytics_as_admin" time="0.038" /><testcase classname="backend.tests.test_sparsa_round4.TestDashboards" name="test_admin_analytics_owner_doctor_allowed" time="0.032" /><testcase classname="backend.tests.test_sparsa_round4.TestDashboards" name="test_admin_analytics_reception_forbidden" time="0.002" /><testcase classname="backend.tests.test_sparsa_round4.TestDashboards" name="test_pro_dashboard_trend_last_is_today_ist" time="0.018" /></testsuite></testsuites>