<?xml version="1.0" encoding="utf-8"?><testsuites name="pytest tests"><testsuite name="pytest" errors="0" failures="0" skipped="0" tests="71" time="68.979" timestamp="2026-05-21T14:23:22.515671+00:00" hostname="agent-env-a2183576-8ee4-425f-82e4-cf7bda150ad5"><testcase classname="backend.tests.test_sparsa_backend.TestAuth" name="test_health" time="0.133" /><testcase classname="backend.tests.test_sparsa_backend.TestAuth" name="test_login_all_seeded[admin1]" time="0.460" /><testcase classname="backend.tests.test_sparsa_backend.TestAuth" name="test_login_all_seeded[jyothi]" time="0.337" /><testcase classname="backend.tests.test_sparsa_backend.TestAuth" name="test_login_all_seeded[hemanth]" time="0.337" /><testcase classname="backend.tests.test_sparsa_backend.TestAuth" name="test_login_all_seeded[reception1]" time="0.327" /><testcase classname="backend.tests.test_sparsa_backend.TestAuth" name="test_login_all_seeded[pharmacy1]" time="0.326" /><testcase classname="backend.tests.test_sparsa_backend.TestAuth" name="test_login_all_seeded[pro1]" time="0.354" /><testcase classname="backend.tests.test_sparsa_backend.TestAuth" name="test_login_invalid" time="0.359" /><testcase classname="backend.tests.test_sparsa_backend.TestAuth" name="test_me_with_cookie" time="0.390" /><testcase classname="backend.tests.test_sparsa_backend.TestAuth" name="test_me_no_auth" time="0.103" /><testcase classname="backend.tests.test_sparsa_backend.TestAuth" name="test_logout_clears_cookie" time="0.504" /><testcase classname="backend.tests.test_sparsa_backend.TestDoctors" name="test_list_doctors" time="2.176" /><testcase classname="backend.tests.test_sparsa_backend.TestPatientsCases" name="test_patient_uid_format" time="0.135" /><testcase classname="backend.tests.test_sparsa_backend.TestPatientsCases" name="test_get_patient" time="0.065" /><testcase classname="backend.tests.test_sparsa_backend.TestPatientsCases" name="test_reception_cant_access_admin" time="0.069" /><testcase classname="backend.tests.test_sparsa_backend.TestPatientsCases" name="test_pharmacy_cant_create_patient" time="0.061" /><testcase classname="backend.tests.test_sparsa_backend.TestCasesRBAC" name="test_hemanth_sees_only_own" time="0.206" /><testcase classname="backend.tests.test_sparsa_backend.TestCasesRBAC" name="test_jyothi_sees_all" time="0.080" /><testcase classname="backend.tests.test_sparsa_backend.TestCasesRBAC" name="test_admin_sees_all" time="0.090" /><testcase classname="backend.tests.test_sparsa_backend.TestCasesRBAC" name="test_hemanth_cannot_open_jyothis_case" time="0.069" /><testcase classname="backend.tests.test_sparsa_backend.TestWorkflow" name="test_full_flow" time="0.737" /><testcase classname="backend.tests.test_sparsa_backend.TestReminders" name="test_hemanth_reminders_filtered" time="0.067" /><testcase classname="backend.tests.test_sparsa_backend.TestReminders" name="test_jyothi_reminders_unfiltered" time="0.073" /><testcase classname="backend.tests.test_sparsa_backend.TestAI" name="test_ai_summarize" time="10.030" /><testcase classname="backend.tests.test_sparsa_backend.TestAI" name="test_ai_advice" time="7.594" /><testcase classname="backend.tests.test_sparsa_backend.TestAI" name="test_ai_instructions" time="3.086" /><testcase classname="backend.tests.test_sparsa_backend.TestAI" name="test_ai_forbidden_for_non_doctor" time="0.064" /><testcase classname="backend.tests.test_sparsa_backend.TestAdmin" name="test_admin_list_users" time="0.071" /><testcase classname="backend.tests.test_sparsa_backend.TestAdmin" name="test_non_admin_blocked_audit" time="0.074" /><testcase classname="backend.tests.test_sparsa_backend.TestAdmin" name="test_admin_audit_logs" time="0.075" /><testcase classname="backend.tests.test_sparsa_backend.TestAdmin" name="test_admin_stats" time="0.069" /><testcase classname="backend.tests.test_sparsa_backend.TestAdmin" name="test_admin_create_user" time="0.672" /><testcase classname="backend.tests.test_sparsa_backend.TestAdmin" name="test_admin_create_duplicate" time="0.066" /><testcase classname="backend.tests.test_sparsa_recap.TestAIRecap" name="test_recap_jyothi_full_visits" time="7.710" /><testcase classname="backend.tests.test_sparsa_recap.TestAIRecap" name="test_recap_admin_can_access" time="6.468" /><testcase classname="backend.tests.test_sparsa_recap.TestAIRecap" name="test_recap_hemanth_no_accessible_visits" time="0.335" /><testcase classname="backend.tests.test_sparsa_recap.TestAIRecap" name="test_recap_hemanth_only_sees_his_cases" time="6.771" /><testcase classname="backend.tests.test_sparsa_recap.TestAIRecap" name="test_recap_jyothi_sees_all_for_mixed" time="5.663" /><testcase classname="backend.tests.test_sparsa_recap.TestAIRecap" name="test_recap_nonexistent_patient" time="0.095" /><testcase classname="backend.tests.test_sparsa_recap.TestAIRecap" name="test_recap_reception_forbidden" time="0.071" /><testcase classname="backend.tests.test_sparsa_recap.TestAIRecap" name="test_recap_pharmacy_forbidden" time="0.062" /><testcase classname="backend.tests.test_sparsa_recap.TestAIRecap" name="test_recap_pro_forbidden" time="0.056" /><testcase classname="backend.tests.test_sparsa_recap.TestAIRecap" name="test_recap_audit_log_entry" time="6.116" /><testcase classname="backend.tests.test_sparsa_recap.TestRefactorSanity" name="test_health_with_providers" time="0.169" /><testcase classname="backend.tests.test_sparsa_recap.TestRefactorSanity" name="test_login_endpoint" time="0.343" /><testcase classname="backend.tests.test_sparsa_recap.TestRefactorSanity" name="test_cases_list" time="0.093" /><testcase classname="backend.tests.test_sparsa_recap.TestRefactorSanity" name="test_patient_timeline" time="0.067" /><testcase classname="backend.tests.test_sparsa_recap.TestRefactorSanity" name="test_case_attachments_list" time="0.063" /><testcase classname="backend.tests.test_sparsa_recap.TestRefactorSanity" name="test_reminders_list" time="0.062" /><testcase classname="backend.tests.test_sparsa_recap.TestRefactorSanity" name="test_admin_csv_export_patients" time="0.064" /><testcase classname="backend.tests.test_sparsa_recap.TestRefactorSanity" name="test_admin_csv_export_cases" time="0.081" /><testcase classname="backend.tests.test_sparsa_round2.TestHealthProviders" name="test_health_returns_providers" time="0.103" /><testcase classname="backend.tests.test_sparsa_round2.TestAttachments" name="test_upload_png" time="2.429" /><testcase classname="backend.tests.test_sparsa_round2.TestAttachments" name="test_upload_jpg" time="0.179" /><testcase classname="backend.tests.test_sparsa_round2.TestAttachments" name="test_upload_pdf" time="0.190" /><testcase classname="backend.tests.test_sparsa_round2.TestAttachments" name="test_reject_exe" time="0.064" /><testcase classname="backend.tests.test_sparsa_round2.TestAttachments" name="test_reject_oversize" time="0.768" /><testcase classname="backend.tests.test_sparsa_round2.TestAttachments" name="test_list_attachments" time="0.065" /><testcase classname="backend.tests.test_sparsa_round2.TestAttachments" name="test_download_png" time="0.171" /><testcase classname="backend.tests.test_sparsa_round2.TestAttachments" name="test_rbac_hemanth_blocked_on_jyothi_case_attachments" time="0.277" /><testcase classname="backend.tests.test_sparsa_round2.TestAttachments" name="test_soft_delete" time="0.198" /><testcase classname="backend.tests.test_sparsa_round2.TestTimeline" name="test_timeline_basic" time="0.073" /><testcase classname="backend.tests.test_sparsa_round2.TestTimeline" name="test_timeline_doctor_scope" time="0.062" /><testcase classname="backend.tests.test_sparsa_round2.TestCSVExports" name="test_export_patients" time="0.066" /><testcase classname="backend.tests.test_sparsa_round2.TestCSVExports" name="test_export_cases" time="0.083" /><testcase classname="backend.tests.test_sparsa_round2.TestCSVExports" name="test_export_payments" time="0.067" /><testcase classname="backend.tests.test_sparsa_round2.TestCSVExports" name="test_export_prescriptions" time="0.081" /><testcase classname="backend.tests.test_sparsa_round2.TestCSVExports" name="test_export_audit_admin" time="0.073" /><testcase classname="backend.tests.test_sparsa_round2.TestCSVExports" name="test_export_audit_rbac_reception" time="0.064" /><testcase classname="backend.tests.test_sparsa_round2.TestReminderSendNow" name="test_send_now_provider_not_configured" time="0.215" /><testcase classname="backend.tests.test_sparsa_round2.TestAuditNewActions" name="test_audit_contains_new_actions" time="0.094" /></testsuite></testsuites>