<?xml version="1.0" encoding="utf-8"?><testsuites name="pytest tests"><testsuite name="pytest" errors="0" failures="1" skipped="0" tests="24" time="3.270" timestamp="2026-06-20T13:34:04.141641+00:00" hostname="agent-env-a2183576-8ee4-425f-82e4-cf7bda150ad5"><testcase classname="backend.tests.test_sparsa_round4.TestAdminUserDelete" name="test_delete_freshly_created_user" time="1.665" /><testcase classname="backend.tests.test_sparsa_round4.TestAdminUserDelete" name="test_cannot_delete_self" time="0.045" /><testcase classname="backend.tests.test_sparsa_round4.TestAdminUserDelete" name="test_owner_doctor_soft_delete" time="0.090" /><testcase classname="backend.tests.test_sparsa_round4.TestPatientPatchDelete" name="test_patch_patient" time="0.102" /><testcase classname="backend.tests.test_sparsa_round4.TestPatientPatchDelete" name="test_delete_patient_no_cases" time="0.141" /><testcase classname="backend.tests.test_sparsa_round4.TestPatientPatchDelete" name="test_reception_cannot_delete_patient_with_cases" time="0.151" /><testcase classname="backend.tests.test_sparsa_round4.TestPatientPatchDelete" name="test_admin_can_delete_with_cascade" time="0.305" /><testcase classname="backend.tests.test_sparsa_round4.TestReminders" name="test_create_reminder_with_audience" time="0.062" /><testcase classname="backend.tests.test_sparsa_round4.TestReminders" name="test_pharmacy_doesnt_see_doctor_only_reminder" time="0.050" /><testcase classname="backend.tests.test_sparsa_round4.TestReminders" name="test_pharmacy_can_complete_pharmacy_reminder" time="0.046" /><testcase classname="backend.tests.test_sparsa_round4.TestReminders" name="test_reception_cannot_patch_reminder" time="0.006"><failure message="AssertionError: {&quot;reminder&quot;:{&quot;id&quot;:&quot;30a2b979-6969-44f2-9c9b-bcea50fecbd9&quot;,&quot;case_id&quot;:&quot;0484fd80-44b8-45ec-a009-fa9dacf2d526&quot;,&quot;patient_id&quot;:&quot;1d76fb95-852d-4cde-8150-b6432651d9d5&quot;,&quot;patient_name&quot;:&quot;TEST_R4_REM X&quot;,&quot;patient_uid&quot;:&quot;SPARSA-000026&quot;,&quot;doctor_id&quot;:&quot;doctor-jyothi&quot;,&quot;scheduled_at&quot;:&quot;2026-06-20T15:34:06.789749+00:00&quot;,&quot;message&quot;:&quot;Pharmacy reminder TEST_R4&quot;,&quot;audience&quot;:[&quot;DOCTOR&quot;,&quot;PHARMACY&quot;],&quot;status&quot;:&quot;PENDING&quot;,&quot;created_by&quot;:&quot;d94824d1-872d-4799-986e-0a024b7baed3&quot;,&quot;created_at&quot;:&quot;2026-06-20T13:34:06.793331+00:00&quot;,&quot;completed_at&quot;:&quot;2026-06-20T13:34:06.854869+00:00&quot;,&quot;completed_by&quot;:&quot;c5c47163-3c60-4dcc-b9ed-d98c52f2451c&quot;,&quot;completed_by_name&quot;:&quot;Pharmacy Counter&quot;,&quot;updated_at&quot;:&quot;2026-06-20T13:34:06.901988+00:00&quot;}}&#10;assert 200 == 403&#10; +  where 200 = &lt;Response [200]&gt;.status_code">backend/tests/test_sparsa_round4.py:243: in test_reception_cannot_patch_reminder
    assert r.status_code == 403, r.text
E   AssertionError: {"reminder":{"id":"30a2b979-6969-44f2-9c9b-bcea50fecbd9","case_id":"0484fd80-44b8-45ec-a009-fa9dacf2d526","patient_id":"1d76fb95-852d-4cde-8150-b6432651d9d5","patient_name":"TEST_R4_REM X","patient_uid":"SPARSA-000026","doctor_id":"doctor-jyothi","scheduled_at":"2026-06-20T15:34:06.789749+00:00","message":"Pharmacy reminder TEST_R4","audience":["DOCTOR","PHARMACY"],"status":"PENDING","created_by":"d94824d1-872d-4799-986e-0a024b7baed3","created_at":"2026-06-20T13:34:06.793331+00:00","completed_at":"2026-06-20T13:34:06.854869+00:00","completed_by":"c5c47163-3c60-4dcc-b9ed-d98c52f2451c","completed_by_name":"Pharmacy Counter","updated_at":"2026-06-20T13:34:06.901988+00:00"}}
E   assert 200 == 403
E    +  where 200 = &lt;Response [200]&gt;.status_code</failure></testcase><testcase classname="backend.tests.test_sparsa_round4.TestReminders" name="test_snooze_resets_status_pending" time="0.101" /><testcase classname="backend.tests.test_sparsa_round4.TestReminders" name="test_hemanth_cannot_delete_jyothi_reminder" time="0.004" /><testcase classname="backend.tests.test_sparsa_round4.TestReminders" name="test_jyothi_can_delete_her_reminder" time="0.046" /><testcase classname="backend.tests.test_sparsa_round4.TestReminders" name="test_status_query_filter" time="0.046" /><testcase classname="backend.tests.test_sparsa_round4.TestFollowupNotifyPharmacy" name="test_followup_with_notify_pharmacy" time="0.068" /><testcase classname="backend.tests.test_sparsa_round4.TestDashboards" name="test_pharmacy_dashboard" time="0.046" /><testcase classname="backend.tests.test_sparsa_round4.TestDashboards" name="test_pharmacy_dashboard_forbidden_for_reception" time="0.003" /><testcase classname="backend.tests.test_sparsa_round4.TestDashboards" name="test_pro_dashboard" time="0.011" /><testcase classname="backend.tests.test_sparsa_round4.TestDashboards" name="test_pro_dashboard_forbidden_pharmacy" time="0.044" /><testcase classname="backend.tests.test_sparsa_round4.TestDashboards" name="test_admin_analytics_as_admin" time="0.036" /><testcase classname="backend.tests.test_sparsa_round4.TestDashboards" name="test_admin_analytics_owner_doctor_allowed" time="0.044" /><testcase classname="backend.tests.test_sparsa_round4.TestDashboards" name="test_admin_analytics_reception_forbidden" time="0.010" /><testcase classname="backend.tests.test_sparsa_round4.TestDashboards" name="test_pro_dashboard_trend_last_is_today_ist" time="0.010" /></testsuite></testsuites>