<?xml version="1.0" encoding="utf-8"?><testsuites name="pytest tests"><testsuite name="pytest" errors="0" failures="0" skipped="0" tests="15" time="63.039" timestamp="2026-06-27T12:40:21.029957+00:00" hostname="agent-env-a2183576-8ee4-425f-82e4-cf7bda150ad5"><testcase classname="backend.tests.test_phase_a.TestFIREndpoint" name="test_fir_full_payload_success" time="0.568" /><testcase classname="backend.tests.test_phase_a.TestFIREndpoint" name="test_fir_missing_consulting_doctor_id_422" time="0.045" /><testcase classname="backend.tests.test_phase_a.TestFIREndpoint" name="test_fir_nonexistent_doctor_404" time="0.044" /><testcase classname="backend.tests.test_phase_a.TestFIREndpoint" name="test_fir_pharmacy_403" time="0.380" /><testcase classname="backend.tests.test_phase_a.TestFIREndpoint" name="test_fir_doctor_403" time="0.390" /><testcase classname="backend.tests.test_phase_a.TestFIREndpoint" name="test_fir_pro_403" time="0.364" /><testcase classname="backend.tests.test_phase_a.TestLegacyCreatePatient" name="test_minimal_payload" time="0.043" /><testcase classname="backend.tests.test_phase_a.TestPatchBMI" name="test_patch_weight_recomputes" time="0.091" /><testcase classname="backend.tests.test_phase_a.TestPatchBMI" name="test_patch_height_recomputes" time="0.046" /><testcase classname="backend.tests.test_phase_a.TestFollowupDateOnly" name="test_followup_set_and_response" time="0.105" /><testcase classname="backend.tests.test_phase_a.TestFollowupDateOnly" name="test_followup_persistence_case_doc" time="0.050" /><testcase classname="backend.tests.test_phase_a.TestFollowupDateOnly" name="test_followup_creates_reminder" time="0.363" /><testcase classname="backend.tests.test_phase_a.TestFollowupDateOnly" name="test_followup_invalid_date_format_422" time="0.048" /><testcase classname="backend.tests.test_phase_a.TestFollowupDateOnly" name="test_followup_missing_date_422" time="0.047" /><testcase classname="backend.tests.test_phase_a.TestSchedulerNoAutoComplete" name="test_scheduler_marks_failed_not_completed" time="60.357" /></testsuite></testsuites>