<?xml version="1.0" encoding="utf-8"?><testsuites name="pytest tests"><testsuite name="pytest" errors="0" failures="1" skipped="0" tests="17" time="43.782" timestamp="2026-06-28T18:05:09.113359+00:00" hostname="agent-env-a2183576-8ee4-425f-82e4-cf7bda150ad5"><testcase classname="backend.tests.test_iteration9.TestWorkflowDoctor" name="test_doctor_send_to_pro" time="1.389" /><testcase classname="backend.tests.test_iteration9.TestWorkflowDoctor" name="test_doctor_bypass_requires_reason" time="0.217" /><testcase classname="backend.tests.test_iteration9.TestWorkflowPRO" name="test_pro_can_set_sent_to_pharmacy" time="0.624" /><testcase classname="backend.tests.test_iteration9.TestWorkflowPRO" name="test_pro_payment_paid_with_medicines_auto_forwards" time="0.187" /><testcase classname="backend.tests.test_iteration9.TestWorkflowPRO" name="test_pro_paid_no_medicines_closes" time="0.187" /><testcase classname="backend.tests.test_iteration9.TestWorkflowPRO" name="test_pro_partial" time="0.180" /><testcase classname="backend.tests.test_iteration9.TestWorkflowPRO" name="test_pro_unpaid" time="0.235" /><testcase classname="backend.tests.test_iteration9.TestWorkflowPharmacy" name="test_dispense_closes_case" time="0.561"><failure message="AssertionError: {&quot;detail&quot;:[{&quot;type&quot;:&quot;literal_error&quot;,&quot;loc&quot;:[&quot;body&quot;,&quot;status&quot;],&quot;msg&quot;:&quot;Input should be 'FULL', 'PARTIAL' or 'NOT_DISPENSED'&quot;,&quot;input&quot;:&quot;DISPENSED&quot;,&quot;ctx&quot;:{&quot;expected&quot;:&quot;'FULL', 'PARTIAL' or 'NOT_DISPENSED'&quot;},&quot;url&quot;:&quot;https://errors.pydantic.dev/2.13/v/literal_error&quot;}]}&#10;assert 422 == 200&#10; +  where 422 = &lt;Response [422]&gt;.status_code">backend/tests/test_iteration9.py:185: in test_dispense_closes_case
    assert r.status_code == 200, r.text
E   AssertionError: {"detail":[{"type":"literal_error","loc":["body","status"],"msg":"Input should be 'FULL', 'PARTIAL' or 'NOT_DISPENSED'","input":"DISPENSED","ctx":{"expected":"'FULL', 'PARTIAL' or 'NOT_DISPENSED'"},"url":"https://errors.pydantic.dev/2.13/v/literal_error"}]}
E   assert 422 == 200
E    +  where 422 = &lt;Response [422]&gt;.status_code</failure></testcase><testcase classname="backend.tests.test_iteration9.TestReminders" name="test_create_reminder_sets_phone_and_date" time="0.504" /><testcase classname="backend.tests.test_iteration9.TestReminders" name="test_snooze_writes_scheduled_date" time="0.094" /><testcase classname="backend.tests.test_iteration9.TestReminders" name="test_pharmacy_can_snooze_pharmacy_audience" time="0.091" /><testcase classname="backend.tests.test_iteration9.TestReminders" name="test_pharmacy_cannot_snooze_non_pharmacy" time="0.085" /><testcase classname="backend.tests.test_iteration9.TestReminders" name="test_audience_filter_mine" time="0.126" /><testcase classname="backend.tests.test_iteration9.TestReminders" name="test_audience_filter_pharmacy" time="0.052" /><testcase classname="backend.tests.test_iteration9.TestReminders" name="test_audience_filter_all" time="0.044" /><testcase classname="backend.tests.test_iteration9.TestReminders" name="test_non_owner_doctor_ignores_audience" time="0.082" /><testcase classname="backend.tests.test_iteration9.TestAIMasterPrompt" name="test_detailed_master_prompt" time="39.038" /></testsuite></testsuites>