<?xml version="1.0" encoding="utf-8"?><testsuites name="pytest tests"><testsuite name="pytest" errors="0" failures="0" skipped="0" tests="98" time="67.188" timestamp="2026-06-20T13:39:12.911711+00:00" hostname="agent-env-a2183576-8ee4-425f-82e4-cf7bda150ad5"><testcase classname="backend.tests.test_sparsa_backend.TestAuth" name="test_health" time="0.316" /><testcase classname="backend.tests.test_sparsa_backend.TestAuth" name="test_login_all_seeded[admin1]" time="0.331" /><testcase classname="backend.tests.test_sparsa_backend.TestAuth" name="test_login_all_seeded[jyothi]" time="0.319" /><testcase classname="backend.tests.test_sparsa_backend.TestAuth" name="test_login_all_seeded[hemanth]" time="0.340" /><testcase classname="backend.tests.test_sparsa_backend.TestAuth" name="test_login_all_seeded[reception1]" time="0.321" /><testcase classname="backend.tests.test_sparsa_backend.TestAuth" name="test_login_all_seeded[pharmacy1]" time="0.319" /><testcase classname="backend.tests.test_sparsa_backend.TestAuth" name="test_login_all_seeded[pro1]" time="0.356" /><testcase classname="backend.tests.test_sparsa_backend.TestAuth" name="test_login_invalid" time="0.327" /><testcase classname="backend.tests.test_sparsa_backend.TestAuth" name="test_me_with_cookie" time="0.378" /><testcase classname="backend.tests.test_sparsa_backend.TestAuth" name="test_me_no_auth" time="0.103" /><testcase classname="backend.tests.test_sparsa_backend.TestAuth" name="test_logout_clears_cookie" time="0.407" /><testcase classname="backend.tests.test_sparsa_backend.TestDoctors" name="test_list_doctors" time="2.097" /><testcase classname="backend.tests.test_sparsa_backend.TestPatientsCases" name="test_patient_uid_format" time="0.135" /><testcase classname="backend.tests.test_sparsa_backend.TestPatientsCases" name="test_get_patient" time="0.047" /><testcase classname="backend.tests.test_sparsa_backend.TestPatientsCases" name="test_reception_cant_access_admin" time="0.044" /><testcase classname="backend.tests.test_sparsa_backend.TestPatientsCases" name="test_pharmacy_cant_create_patient" time="0.050" /><testcase classname="backend.tests.test_sparsa_backend.TestCasesRBAC" name="test_hemanth_sees_only_own" time="0.165" /><testcase classname="backend.tests.test_sparsa_backend.TestCasesRBAC" name="test_jyothi_sees_all" time="0.106" /><testcase classname="backend.tests.test_sparsa_backend.TestCasesRBAC" name="test_admin_sees_all" time="0.102" /><testcase classname="backend.tests.test_sparsa_backend.TestCasesRBAC" name="test_hemanth_cannot_open_jyothis_case" time="0.048" /><testcase classname="backend.tests.test_sparsa_backend.TestWorkflow" name="test_full_flow" time="0.489" /><testcase classname="backend.tests.test_sparsa_backend.TestReminders" name="test_hemanth_reminders_filtered" time="0.045" /><testcase classname="backend.tests.test_sparsa_backend.TestReminders" name="test_jyothi_reminders_unfiltered" time="0.050" /><testcase classname="backend.tests.test_sparsa_backend.TestAI" name="test_ai_summarize" time="10.368" /><testcase classname="backend.tests.test_sparsa_backend.TestAI" name="test_ai_advice" time="7.367" /><testcase classname="backend.tests.test_sparsa_backend.TestAI" name="test_ai_instructions" time="3.440" /><testcase classname="backend.tests.test_sparsa_backend.TestAI" name="test_ai_forbidden_for_non_doctor" time="0.045" /><testcase classname="backend.tests.test_sparsa_backend.TestAdmin" name="test_admin_list_users" time="0.052" /><testcase classname="backend.tests.test_sparsa_backend.TestAdmin" name="test_non_admin_blocked_audit" time="0.052" /><testcase classname="backend.tests.test_sparsa_backend.TestAdmin" name="test_admin_audit_logs" time="0.056" /><testcase classname="backend.tests.test_sparsa_backend.TestAdmin" name="test_admin_stats" time="0.258" /><testcase classname="backend.tests.test_sparsa_backend.TestAdmin" name="test_admin_create_user" time="0.677" /><testcase classname="backend.tests.test_sparsa_backend.TestAdmin" name="test_admin_create_duplicate" time="0.044" /><testcase classname="backend.tests.test_sparsa_recap.TestAIRecap" name="test_recap_jyothi_full_visits" time="7.741" /><testcase classname="backend.tests.test_sparsa_recap.TestAIRecap" name="test_recap_admin_can_access" time="5.859" /><testcase classname="backend.tests.test_sparsa_recap.TestAIRecap" name="test_recap_hemanth_no_accessible_visits" time="0.250" /><testcase classname="backend.tests.test_sparsa_recap.TestAIRecap" name="test_recap_hemanth_only_sees_his_cases" time="5.933" /><testcase classname="backend.tests.test_sparsa_recap.TestAIRecap" name="test_recap_jyothi_sees_all_for_mixed" time="4.683" /><testcase classname="backend.tests.test_sparsa_recap.TestAIRecap" name="test_recap_nonexistent_patient" time="0.054" /><testcase classname="backend.tests.test_sparsa_recap.TestAIRecap" name="test_recap_reception_forbidden" time="0.051" /><testcase classname="backend.tests.test_sparsa_recap.TestAIRecap" name="test_recap_pharmacy_forbidden" time="0.055" /><testcase classname="backend.tests.test_sparsa_recap.TestAIRecap" name="test_recap_pro_forbidden" time="0.051" /><testcase classname="backend.tests.test_sparsa_recap.TestAIRecap" name="test_recap_audit_log_entry" time="4.578" /><testcase classname="backend.tests.test_sparsa_recap.TestRefactorSanity" name="test_health_with_providers" time="0.144" /><testcase classname="backend.tests.test_sparsa_recap.TestRefactorSanity" name="test_login_endpoint" time="0.319" /><testcase classname="backend.tests.test_sparsa_recap.TestRefactorSanity" name="test_cases_list" time="0.108" /><testcase classname="backend.tests.test_sparsa_recap.TestRefactorSanity" name="test_patient_timeline" time="0.064" /><testcase classname="backend.tests.test_sparsa_recap.TestRefactorSanity" name="test_case_attachments_list" time="0.050" /><testcase classname="backend.tests.test_sparsa_recap.TestRefactorSanity" name="test_reminders_list" time="0.051" /><testcase classname="backend.tests.test_sparsa_recap.TestRefactorSanity" name="test_admin_csv_export_patients" time="0.049" /><testcase classname="backend.tests.test_sparsa_recap.TestRefactorSanity" name="test_admin_csv_export_cases" time="0.085" /><testcase classname="backend.tests.test_sparsa_round2.TestHealthProviders" name="test_health_returns_providers" time="0.103" /><testcase classname="backend.tests.test_sparsa_round2.TestAttachments" name="test_upload_png" time="2.286" /><testcase classname="backend.tests.test_sparsa_round2.TestAttachments" name="test_upload_jpg" time="0.226" /><testcase classname="backend.tests.test_sparsa_round2.TestAttachments" name="test_upload_pdf" time="0.192" /><testcase classname="backend.tests.test_sparsa_round2.TestAttachments" name="test_reject_exe" time="0.047" /><testcase classname="backend.tests.test_sparsa_round2.TestAttachments" name="test_reject_oversize" time="0.388" /><testcase classname="backend.tests.test_sparsa_round2.TestAttachments" name="test_list_attachments" time="0.048" /><testcase classname="backend.tests.test_sparsa_round2.TestAttachments" name="test_download_png" time="0.164" /><testcase classname="backend.tests.test_sparsa_round2.TestAttachments" name="test_rbac_hemanth_blocked_on_jyothi_case_attachments" time="0.192" /><testcase classname="backend.tests.test_sparsa_round2.TestAttachments" name="test_soft_delete" time="0.139" /><testcase classname="backend.tests.test_sparsa_round2.TestTimeline" name="test_timeline_basic" time="0.050" /><testcase classname="backend.tests.test_sparsa_round2.TestTimeline" name="test_timeline_doctor_scope" time="0.046" /><testcase classname="backend.tests.test_sparsa_round2.TestCSVExports" name="test_export_patients" time="0.047" /><testcase classname="backend.tests.test_sparsa_round2.TestCSVExports" name="test_export_cases" time="0.079" /><testcase classname="backend.tests.test_sparsa_round2.TestCSVExports" name="test_export_payments" time="0.055" /><testcase classname="backend.tests.test_sparsa_round2.TestCSVExports" name="test_export_prescriptions" time="0.071" /><testcase classname="backend.tests.test_sparsa_round2.TestCSVExports" name="test_export_audit_admin" time="0.065" /><testcase classname="backend.tests.test_sparsa_round2.TestCSVExports" name="test_export_audit_rbac_reception" time="0.086" /><testcase classname="backend.tests.test_sparsa_round2.TestReminderSendNow" name="test_send_now_provider_not_configured" time="0.141" /><testcase classname="backend.tests.test_sparsa_round2.TestAuditNewActions" name="test_audit_contains_new_actions" time="0.052" /><testcase classname="backend.tests.test_sparsa_round4.TestAdminUserDelete" name="test_delete_freshly_created_user" time="1.626" /><testcase classname="backend.tests.test_sparsa_round4.TestAdminUserDelete" name="test_cannot_delete_self" time="0.043" /><testcase classname="backend.tests.test_sparsa_round4.TestAdminUserDelete" name="test_owner_doctor_soft_delete" time="0.091" /><testcase classname="backend.tests.test_sparsa_round4.TestPatientPatchDelete" name="test_patch_patient" time="0.092" /><testcase classname="backend.tests.test_sparsa_round4.TestPatientPatchDelete" name="test_delete_patient_no_cases" time="0.135" /><testcase classname="backend.tests.test_sparsa_round4.TestPatientPatchDelete" name="test_reception_cannot_delete_patient_with_cases" time="0.138" /><testcase classname="backend.tests.test_sparsa_round4.TestPatientPatchDelete" name="test_admin_can_delete_with_cascade" time="0.282" /><testcase classname="backend.tests.test_sparsa_round4.TestReminders" name="test_create_reminder_with_audience" time="0.055" /><testcase classname="backend.tests.test_sparsa_round4.TestReminders" name="test_pharmacy_doesnt_see_doctor_only_reminder" time="0.047" /><testcase classname="backend.tests.test_sparsa_round4.TestReminders" name="test_pharmacy_can_complete_pharmacy_reminder" time="0.045" /><testcase classname="backend.tests.test_sparsa_round4.TestReminders" name="test_reception_cannot_patch_reminder" time="0.003" /><testcase classname="backend.tests.test_sparsa_round4.TestReminders" name="test_pro_cannot_patch_reminder" time="0.002" /><testcase classname="backend.tests.test_sparsa_round4.TestReminders" name="test_pharmacy_can_still_patch_pharmacy_reminder" time="0.047" /><testcase classname="backend.tests.test_sparsa_round4.TestReminders" name="test_snooze_resets_status_pending" time="0.093" /><testcase classname="backend.tests.test_sparsa_round4.TestReminders" name="test_hemanth_cannot_delete_jyothi_reminder" time="0.003" /><testcase classname="backend.tests.test_sparsa_round4.TestReminders" name="test_jyothi_can_delete_her_reminder" time="0.043" /><testcase classname="backend.tests.test_sparsa_round4.TestReminders" name="test_status_query_filter" time="0.045" /><testcase classname="backend.tests.test_sparsa_round4.TestFollowupNotifyPharmacy" name="test_followup_with_notify_pharmacy" time="0.055" /><testcase classname="backend.tests.test_sparsa_round4.TestDashboards" name="test_pharmacy_dashboard" time="0.045" /><testcase classname="backend.tests.test_sparsa_round4.TestDashboards" name="test_pharmacy_dashboard_forbidden_for_reception" time="0.003" /><testcase classname="backend.tests.test_sparsa_round4.TestDashboards" name="test_pro_dashboard" time="0.010" /><testcase classname="backend.tests.test_sparsa_round4.TestDashboards" name="test_pro_dashboard_forbidden_pharmacy" time="0.042" /><testcase classname="backend.tests.test_sparsa_round4.TestDashboards" name="test_admin_analytics_as_admin" time="0.026" /><testcase classname="backend.tests.test_sparsa_round4.TestDashboards" name="test_admin_analytics_owner_doctor_allowed" time="0.027" /><testcase classname="backend.tests.test_sparsa_round4.TestDashboards" name="test_admin_analytics_reception_forbidden" time="0.003" /><testcase classname="backend.tests.test_sparsa_round4.TestDashboards" name="test_pro_dashboard_trend_last_is_today_ist" time="0.012" /><testcase classname="backend.tests.test_sparsa_round4.TestPatientDeleteOrphanCheck" name="test_cascade_purges_collaterals_and_soft_deletes_attachments" time="0.190" /></testsuite></testsuites>