<?xml version="1.0" encoding="utf-8"?><testsuites name="pytest tests"><testsuite name="pytest" errors="0" failures="0" skipped="0" tests="20" time="5.379" timestamp="2026-05-21T14:06:06.258790+00:00" hostname="agent-env-a2183576-8ee4-425f-82e4-cf7bda150ad5"><testcase classname="backend.tests.test_sparsa_round2.TestHealthProviders" name="test_health_returns_providers" time="0.303" /><testcase classname="backend.tests.test_sparsa_round2.TestAttachments" name="test_upload_png" time="2.649" /><testcase classname="backend.tests.test_sparsa_round2.TestAttachments" name="test_upload_jpg" time="0.185" /><testcase classname="backend.tests.test_sparsa_round2.TestAttachments" name="test_upload_pdf" time="0.166" /><testcase classname="backend.tests.test_sparsa_round2.TestAttachments" name="test_reject_exe" time="0.058" /><testcase classname="backend.tests.test_sparsa_round2.TestAttachments" name="test_reject_oversize" time="0.448" /><testcase classname="backend.tests.test_sparsa_round2.TestAttachments" name="test_list_attachments" time="0.066" /><testcase classname="backend.tests.test_sparsa_round2.TestAttachments" name="test_download_png" time="0.170" /><testcase classname="backend.tests.test_sparsa_round2.TestAttachments" name="test_rbac_hemanth_blocked_on_jyothi_case_attachments" time="0.228" /><testcase classname="backend.tests.test_sparsa_round2.TestAttachments" name="test_soft_delete" time="0.163" /><testcase classname="backend.tests.test_sparsa_round2.TestTimeline" name="test_timeline_basic" time="0.061" /><testcase classname="backend.tests.test_sparsa_round2.TestTimeline" name="test_timeline_doctor_scope" time="0.055" /><testcase classname="backend.tests.test_sparsa_round2.TestCSVExports" name="test_export_patients" time="0.077" /><testcase classname="backend.tests.test_sparsa_round2.TestCSVExports" name="test_export_cases" time="0.083" /><testcase classname="backend.tests.test_sparsa_round2.TestCSVExports" name="test_export_payments" time="0.075" /><testcase classname="backend.tests.test_sparsa_round2.TestCSVExports" name="test_export_prescriptions" time="0.078" /><testcase classname="backend.tests.test_sparsa_round2.TestCSVExports" name="test_export_audit_admin" time="0.084" /><testcase classname="backend.tests.test_sparsa_round2.TestCSVExports" name="test_export_audit_rbac_reception" time="0.054" /><testcase classname="backend.tests.test_sparsa_round2.TestReminderSendNow" name="test_send_now_provider_not_configured" time="0.175" /><testcase classname="backend.tests.test_sparsa_round2.TestAuditNewActions" name="test_audit_contains_new_actions" time="0.097" /></testsuite></testsuites>