<?xml version="1.0" encoding="utf-8"?><testsuites name="pytest tests"><testsuite name="pytest" errors="0" failures="0" skipped="0" tests="33" time="31.239" timestamp="2026-05-21T14:06:16.315144+00:00" hostname="agent-env-a2183576-8ee4-425f-82e4-cf7bda150ad5"><testcase classname="backend.tests.test_sparsa_backend.TestAuth" name="test_health" time="0.225" /><testcase classname="backend.tests.test_sparsa_backend.TestAuth" name="test_login_all_seeded[admin1]" time="0.371" /><testcase classname="backend.tests.test_sparsa_backend.TestAuth" name="test_login_all_seeded[jyothi]" time="0.439" /><testcase classname="backend.tests.test_sparsa_backend.TestAuth" name="test_login_all_seeded[hemanth]" time="0.354" /><testcase classname="backend.tests.test_sparsa_backend.TestAuth" name="test_login_all_seeded[reception1]" time="0.438" /><testcase classname="backend.tests.test_sparsa_backend.TestAuth" name="test_login_all_seeded[pharmacy1]" time="0.333" /><testcase classname="backend.tests.test_sparsa_backend.TestAuth" name="test_login_all_seeded[pro1]" time="0.382" /><testcase classname="backend.tests.test_sparsa_backend.TestAuth" name="test_login_invalid" time="0.355" /><testcase classname="backend.tests.test_sparsa_backend.TestAuth" name="test_me_with_cookie" time="0.432" /><testcase classname="backend.tests.test_sparsa_backend.TestAuth" name="test_me_no_auth" time="0.125" /><testcase classname="backend.tests.test_sparsa_backend.TestAuth" name="test_logout_clears_cookie" time="0.513" /><testcase classname="backend.tests.test_sparsa_backend.TestDoctors" name="test_list_doctors" time="2.340" /><testcase classname="backend.tests.test_sparsa_backend.TestPatientsCases" name="test_patient_uid_format" time="0.102" /><testcase classname="backend.tests.test_sparsa_backend.TestPatientsCases" name="test_get_patient" time="0.052" /><testcase classname="backend.tests.test_sparsa_backend.TestPatientsCases" name="test_reception_cant_access_admin" time="0.052" /><testcase classname="backend.tests.test_sparsa_backend.TestPatientsCases" name="test_pharmacy_cant_create_patient" time="0.073" /><testcase classname="backend.tests.test_sparsa_backend.TestCasesRBAC" name="test_hemanth_sees_only_own" time="0.188" /><testcase classname="backend.tests.test_sparsa_backend.TestCasesRBAC" name="test_jyothi_sees_all" time="0.082" /><testcase classname="backend.tests.test_sparsa_backend.TestCasesRBAC" name="test_admin_sees_all" time="0.052" /><testcase classname="backend.tests.test_sparsa_backend.TestCasesRBAC" name="test_hemanth_cannot_open_jyothis_case" time="0.075" /><testcase classname="backend.tests.test_sparsa_backend.TestWorkflow" name="test_full_flow" time="0.739" /><testcase classname="backend.tests.test_sparsa_backend.TestReminders" name="test_hemanth_reminders_filtered" time="0.077" /><testcase classname="backend.tests.test_sparsa_backend.TestReminders" name="test_jyothi_reminders_unfiltered" time="0.114" /><testcase classname="backend.tests.test_sparsa_backend.TestAI" name="test_ai_summarize" time="11.757" /><testcase classname="backend.tests.test_sparsa_backend.TestAI" name="test_ai_advice" time="7.083" /><testcase classname="backend.tests.test_sparsa_backend.TestAI" name="test_ai_instructions" time="3.367" /><testcase classname="backend.tests.test_sparsa_backend.TestAI" name="test_ai_forbidden_for_non_doctor" time="0.072" /><testcase classname="backend.tests.test_sparsa_backend.TestAdmin" name="test_admin_list_users" time="0.051" /><testcase classname="backend.tests.test_sparsa_backend.TestAdmin" name="test_non_admin_blocked_audit" time="0.087" /><testcase classname="backend.tests.test_sparsa_backend.TestAdmin" name="test_admin_audit_logs" time="0.050" /><testcase classname="backend.tests.test_sparsa_backend.TestAdmin" name="test_admin_stats" time="0.051" /><testcase classname="backend.tests.test_sparsa_backend.TestAdmin" name="test_admin_create_user" time="0.674" /><testcase classname="backend.tests.test_sparsa_backend.TestAdmin" name="test_admin_create_duplicate" time="0.046" /></testsuite></testsuites>